{
  "RSpec": {
    "coverage": {
      "/Users/troy/work/devato/relay/lib/relay/organization_middleware.rb": [
        1,
        null,
        1,
        null,
        1,
        1,
        null,
        null,
        1,
        0,
        0,
        0,
        0,
        0,
        0,
        0,
        null,
        null,
        null,
        0,
        0,
        null,
        0,
        0,
        null,
        null,
        null,
        null,
        null
      ],
      "/Users/troy/work/devato/relay/app/helpers/application_helper.rb": [
        1,
        null
      ],
      "/Users/troy/work/devato/relay/app/channels/application_cable/channel.rb": [
        0,
        0,
        0,
        0
      ],
      "/Users/troy/work/devato/relay/app/channels/application_cable/connection.rb": [
        0,
        0,
        0,
        0
      ],
      "/Users/troy/work/devato/relay/app/controllers/application_controller.rb": [
        0,
        0,
        0,
        0,
        null,
        0,
        null,
        0,
        0,
        0,
        null,
        0,
        0,
        0,
        null,
        0,
        0,
        0,
        null,
        0
      ],
      "/Users/troy/work/devato/relay/app/controllers/dashboard/base_controller.rb": [
        0,
        0,
        null,
        0,
        null,
        null,
        0,
        0,
        0,
        0,
        0,
        null,
        null,
        null,
        null,
        null,
        null,
        null,
        null,
        null,
        null,
        null,
        0
      ],
      "/Users/troy/work/devato/relay/app/controllers/dashboard/index_controller.rb": [
        0,
        0,
        0
      ],
      "/Users/troy/work/devato/relay/app/controllers/dashboard/onboard_controller.rb": [
        0,
        0,
        null,
        0,
        0,
        0,
        null,
        0,
        0,
        0,
        0,
        0,
        0,
        0,
        0,
        0,
        0,
        0,
        0,
        0,
        0,
        0,
        null,
        0,
        null,
        0,
        null,
        0,
        0,
        0,
        0,
        0,
        0,
        0,
        0,
        0,
        0,
        0,
        0,
        0,
        0,
        0,
        null,
        0,
        null,
        0,
        0,
        0,
        null,
        0
      ],
      "/Users/troy/work/devato/relay/app/controllers/dashboard/projects_controller.rb": [
        0,
        null,
        0,
        0,
        0,
        0,
        0,
        null,
        0
      ],
      "/Users/troy/work/devato/relay/app/controllers/pages_controller.rb": [
        0,
        0,
        null,
        0,
        null,
        0,
        null,
        0,
        0
      ],
      "/Users/troy/work/devato/relay/app/controllers/users/base_controller.rb": [
        0,
        0,
        0
      ],
      "/Users/troy/work/devato/relay/app/controllers/users/sessions_controller.rb": [
        0,
        0,
        null,
        0,
        0,
        0,
        null,
        0,
        0,
        0,
        null,
        0,
        0,
        0,
        0,
        0,
        0,
        0,
        0,
        0,
        0,
        0,
        null,
        0,
        0,
        0,
        0,
        0
      ],
      "/Users/troy/work/devato/relay/app/controllers/users/signups_controller.rb": [
        0,
        null,
        0,
        null,
        0,
        0,
        0,
        null,
        0,
        0,
        0,
        null,
        0,
        0,
        0,
        0,
        0,
        0,
        0,
        null,
        0,
        null,
        0,
        0,
        0,
        0,
        0
      ],
      "/Users/troy/work/devato/relay/app/forms/onboard/organization_form.rb": [
        0,
        null,
        0,
        0,
        0,
        null,
        0,
        0,
        null,
        0,
        null,
        0,
        0,
        0,
        0,
        0
      ],
      "/Users/troy/work/devato/relay/app/forms/onboard/project_form.rb": [
        0,
        null,
        0,
        0,
        0,
        null,
        0,
        0,
        null,
        0,
        null,
        0,
        0,
        0,
        0,
        null,
        0
      ],
      "/Users/troy/work/devato/relay/app/forms/users/login_form.rb": [
        0,
        0,
        0,
        0,
        null,
        0,
        0,
        null,
        0
      ],
      "/Users/troy/work/devato/relay/app/forms/users/signup_form.rb": [
        0,
        0,
        0,
        0,
        0,
        0,
        null,
        0,
        0,
        0,
        null,
        0,
        null,
        0,
        null,
        0,
        0,
        0,
        0,
        0
      ],
      "/Users/troy/work/devato/relay/app/jobs/application_job.rb": [
        0,
        0
      ],
      "/Users/troy/work/devato/relay/app/mailers/application_mailer.rb": [
        0,
        0,
        0,
        0
      ],
      "/Users/troy/work/devato/relay/app/models/application_record.rb": [
        0,
        0,
        0
      ],
      "/Users/troy/work/devato/relay/app/models/current.rb": [
        0,
        0,
        0
      ],
      "/Users/troy/work/devato/relay/app/models/onboard.rb": [
        0,
        0,
        null,
        0,
        null,
        0,
        0,
        0,
        0,
        null,
        0,
        0,
        0,
        null,
        0,
        0,
        0,
        null,
        0,
        null,
        0
      ],
      "/Users/troy/work/devato/relay/app/models/organization.rb": [
        0,
        null,
        0,
        0,
        null,
        0,
        0,
        0,
        null,
        0,
        null,
        0
      ],
      "/Users/troy/work/devato/relay/app/models/project.rb": [
        0,
        0,
        0,
        null,
        0,
        0,
        0
      ],
      "/Users/troy/work/devato/relay/app/models/supported_language.rb": [
        0,
        null,
        0,
        null,
        0,
        null,
        0
      ],
      "/Users/troy/work/devato/relay/app/models/user.rb": [
        0,
        0,
        null,
        0,
        0,
        0,
        null,
        0,
        null,
        0,
        0,
        0,
        null,
        0,
        0,
        null,
        0,
        0,
        0,
        0,
        0,
        0,
        0,
        0,
        0,
        null,
        0
      ],
      "/Users/troy/work/devato/relay/app/models/user_organization.rb": [
        0,
        0,
        0,
        0
      ],
      "/Users/troy/work/devato/relay/app/models/user_project.rb": [
        0,
        0,
        0,
        0
      ],
      "/Users/troy/work/devato/relay/app/presenters/onboard/project_presenter.rb": [
        0,
        0,
        null,
        0,
        0,
        0,
        null,
        0,
        0,
        0,
        null,
        0,
        0,
        0,
        null,
        0
      ],
      "/Users/troy/work/devato/relay/app/services/onboard/create_organization.rb": [
        0,
        null,
        0,
        0,
        0,
        null,
        0,
        0,
        null,
        0,
        0,
        0,
        0,
        0,
        0,
        0,
        0,
        0,
        null,
        0,
        0,
        null,
        0,
        null,
        0,
        null,
        0,
        0,
        0,
        0,
        0,
        0,
        null,
        0,
        0,
        0,
        null,
        0,
        0,
        0,
        null,
        0,
        0,
        0,
        null,
        0,
        null,
        0,
        null,
        0,
        null,
        0,
        null,
        0,
        null,
        0,
        null,
        null,
        0
      ],
      "/Users/troy/work/devato/relay/app/services/onboard/create_project.rb": [
        0,
        null,
        0,
        0,
        0,
        null,
        0,
        0,
        null,
        0,
        0,
        0,
        0,
        0,
        0,
        0,
        0,
        null,
        0,
        0,
        null,
        0,
        null,
        0,
        null,
        0,
        0,
        0,
        0,
        0,
        0,
        0,
        null,
        0,
        0,
        0,
        null,
        0,
        0,
        0,
        null,
        0,
        null,
        0,
        null,
        0,
        null,
        0,
        null,
        0,
        null,
        0,
        null,
        null,
        0
      ],
      "/Users/troy/work/devato/relay/app/services/users/create_account.rb": [
        0,
        null,
        0,
        null,
        0,
        0,
        0,
        null,
        0,
        0,
        null,
        0,
        0,
        0,
        0,
        0,
        0,
        0,
        0,
        null,
        0,
        0,
        null,
        0,
        null,
        0,
        null,
        0,
        0,
        0,
        0,
        0,
        0,
        0,
        0,
        0,
        null,
        0,
        0,
        0,
        null,
        0,
        0,
        0,
        null,
        0,
        null,
        0,
        null,
        0,
        null,
        0,
        null,
        0,
        null,
        0,
        0,
        0
      ],
      "/Users/troy/work/devato/relay/app/services/users/login.rb": [
        0,
        null,
        0,
        null,
        0,
        0,
        0,
        null,
        0,
        0,
        0,
        null,
        0,
        0,
        0,
        0,
        0,
        null,
        0,
        0,
        null,
        0,
        null,
        0,
        null,
        0,
        0,
        0,
        0,
        null,
        0,
        null,
        0,
        null,
        0,
        null,
        0,
        null,
        0,
        null,
        0,
        0,
        0
      ]
    },
    "timestamp": 1523113387
  }
}
